Traceback (most recent call last):
  File "/opt/hostedtoolcache/Python/3.9.13/x64/lib/python3.9/site-packages/jupyter_cache/executors/utils.py", line 58, in single_nb_execution
    executenb(
  File "/opt/hostedtoolcache/Python/3.9.13/x64/lib/python3.9/site-packages/nbclient/client.py", line 1204, in execute
    return NotebookClient(nb=nb, resources=resources, km=km, **kwargs).execute()
  File "/opt/hostedtoolcache/Python/3.9.13/x64/lib/python3.9/site-packages/nbclient/util.py", line 84, in wrapped
    return just_run(coro(*args, **kwargs))
  File "/opt/hostedtoolcache/Python/3.9.13/x64/lib/python3.9/site-packages/nbclient/util.py", line 62, in just_run
    return loop.run_until_complete(coro)
  File "/opt/hostedtoolcache/Python/3.9.13/x64/lib/python3.9/asyncio/base_events.py", line 647, in run_until_complete
    return future.result()
  File "/opt/hostedtoolcache/Python/3.9.13/x64/lib/python3.9/site-packages/nbclient/client.py", line 663, in async_execute
    await self.async_execute_cell(
  File "/opt/hostedtoolcache/Python/3.9.13/x64/lib/python3.9/site-packages/nbclient/client.py", line 965, in async_execute_cell
    await self._check_raise_for_error(cell, cell_index, exec_reply)
  File "/opt/hostedtoolcache/Python/3.9.13/x64/lib/python3.9/site-packages/nbclient/client.py", line 862, in _check_raise_for_error
    raise CellExecutionError.from_cell_and_msg(cell, exec_reply_content)
nbclient.exceptions.CellExecutionError: An error occurred while executing the following cell:
------------------
from systole.plots import plot_frequency
from systole.reports import frequency_table

# Print frequency table
print(
    frequency_table(peaks, input_type='peaks', backend="tabulate")
)

# Plot PDS using Matplotlib
plot_frequency(peaks, input_type='peaks');
------------------

[0;31m---------------------------------------------------------------------------[0m
[0;31mModuleNotFoundError[0m                       Traceback (most recent call last)
Input [0;32mIn [8][0m, in [0;36m<cell line: 2>[0;34m()[0m
[1;32m      1[0m [38;5;28;01mfrom[39;00m [38;5;21;01msystole[39;00m[38;5;21;01m.[39;00m[38;5;21;01mplots[39;00m [38;5;28;01mimport[39;00m plot_frequency
[0;32m----> 2[0m [38;5;28;01mfrom[39;00m [38;5;21;01msystole[39;00m[38;5;21;01m.[39;00m[38;5;21;01mreports[39;00m [38;5;28;01mimport[39;00m frequency_table
[1;32m      4[0m [38;5;66;03m# Print frequency table[39;00m
[1;32m      5[0m [38;5;28mprint[39m(
[1;32m      6[0m     frequency_table(peaks, input_type[38;5;241m=[39m[38;5;124m'[39m[38;5;124mpeaks[39m[38;5;124m'[39m, backend[38;5;241m=[39m[38;5;124m"[39m[38;5;124mtabulate[39m[38;5;124m"[39m)
[1;32m      7[0m )

File [0;32m/opt/hostedtoolcache/Python/3.9.13/x64/lib/python3.9/site-packages/systole/reports/__init__.py:1[0m, in [0;36m<module>[0;34m[0m
[0;32m----> 1[0m [38;5;28;01mfrom[39;00m [38;5;21;01m.[39;00m[38;5;21;01mcommand_line[39;00m [38;5;28;01mimport[39;00m wrapper
[1;32m      2[0m [38;5;28;01mfrom[39;00m [38;5;21;01m.[39;00m[38;5;21;01mgroup_level[39;00m [38;5;28;01mimport[39;00m (
[1;32m      3[0m     frequency_domain_group_level,
[1;32m      4[0m     nonlinear_domain_group_level,
[1;32m      5[0m     time_domain_group_level,
[1;32m      6[0m )
[1;32m      7[0m [38;5;28;01mfrom[39;00m [38;5;21;01m.[39;00m[38;5;21;01msubject_level[39;00m [38;5;28;01mimport[39;00m subject_level_report

File [0;32m/opt/hostedtoolcache/Python/3.9.13/x64/lib/python3.9/site-packages/systole/reports/command_line.py:13[0m, in [0;36m<module>[0;34m[0m
[1;32m     11[0m [38;5;28;01mfrom[39;00m [38;5;21;01mbokeh[39;00m[38;5;21;01m.[39;00m[38;5;21;01mresources[39;00m [38;5;28;01mimport[39;00m INLINE
[1;32m     12[0m [38;5;28;01mfrom[39;00m [38;5;21;01mjinja2[39;00m [38;5;28;01mimport[39;00m Template
[0;32m---> 13[0m [38;5;28;01mfrom[39;00m [38;5;21;01mjoblib[39;00m [38;5;28;01mimport[39;00m Parallel, delayed
[1;32m     15[0m [38;5;28;01mfrom[39;00m [38;5;21;01msystole[39;00m [38;5;28;01mimport[39;00m __version__ [38;5;28;01mas[39;00m version
[1;32m     16[0m [38;5;28;01mfrom[39;00m [38;5;21;01msystole[39;00m[38;5;21;01m.[39;00m[38;5;21;01mreports[39;00m[38;5;21;01m.[39;00m[38;5;21;01mgroup_level[39;00m [38;5;28;01mimport[39;00m (
[1;32m     17[0m     artefacts_group_level,
[1;32m     18[0m     frequency_domain_group_level,
[1;32m     19[0m     nonlinear_domain_group_level,
[1;32m     20[0m     time_domain_group_level,
[1;32m     21[0m )

[0;31mModuleNotFoundError[0m: No module named 'joblib'
ModuleNotFoundError: No module named 'joblib'

