Traceback (most recent call last):
  File "/opt/hostedtoolcache/Python/3.9.13/x64/lib/python3.9/site-packages/jupyter_cache/executors/utils.py", line 58, in single_nb_execution
    executenb(
  File "/opt/hostedtoolcache/Python/3.9.13/x64/lib/python3.9/site-packages/nbclient/client.py", line 1204, in execute
    return NotebookClient(nb=nb, resources=resources, km=km, **kwargs).execute()
  File "/opt/hostedtoolcache/Python/3.9.13/x64/lib/python3.9/site-packages/nbclient/util.py", line 84, in wrapped
    return just_run(coro(*args, **kwargs))
  File "/opt/hostedtoolcache/Python/3.9.13/x64/lib/python3.9/site-packages/nbclient/util.py", line 62, in just_run
    return loop.run_until_complete(coro)
  File "/opt/hostedtoolcache/Python/3.9.13/x64/lib/python3.9/asyncio/base_events.py", line 647, in run_until_complete
    return future.result()
  File "/opt/hostedtoolcache/Python/3.9.13/x64/lib/python3.9/site-packages/nbclient/client.py", line 663, in async_execute
    await self.async_execute_cell(
  File "/opt/hostedtoolcache/Python/3.9.13/x64/lib/python3.9/site-packages/nbclient/client.py", line 965, in async_execute_cell
    await self._check_raise_for_error(cell, cell_index, exec_reply)
  File "/opt/hostedtoolcache/Python/3.9.13/x64/lib/python3.9/site-packages/nbclient/client.py", line 862, in _check_raise_for_error
    raise CellExecutionError.from_cell_and_msg(cell, exec_reply_content)
nbclient.exceptions.CellExecutionError: An error occurred while executing the following cell:
------------------
view = Viewer()
------------------

[0;31m---------------------------------------------------------------------------[0m
[0;31mAttributeError[0m                            Traceback (most recent call last)
Input [0;32mIn [3][0m, in [0;36m<cell line: 1>[0;34m()[0m
[0;32m----> 1[0m view [38;5;241m=[39m [43mViewer[49m[43m([49m[43m)[49m

File [0;32m/opt/hostedtoolcache/Python/3.9.13/x64/lib/python3.9/site-packages/systole/viewer/viewer.py:110[0m, in [0;36mViewer.__init__[0;34m(self, figsize, input_folder, output_folder, session, modality, pattern, signal_type, participant_id)[0m
[1;32m     97[0m [38;5;28mself[39m[38;5;241m.[39mpattern_ [38;5;241m=[39m widgets[38;5;241m.[39mTextarea(
[1;32m     98[0m     value[38;5;241m=[39mpattern,
[1;32m     99[0m     placeholder[38;5;241m=[39m[38;5;124m"[39m[38;5;124mType something[39m[38;5;124m"[39m,
[0;32m   (...)[0m
[1;32m    102[0m     layout[38;5;241m=[39mwidgets[38;5;241m.[39mLayout(width[38;5;241m=[39m[38;5;124m"[39m[38;5;124m250px[39m[38;5;124m"[39m),
[1;32m    103[0m )
[1;32m    104[0m [38;5;28mself[39m[38;5;241m.[39msignal_type_ [38;5;241m=[39m widgets[38;5;241m.[39mDropdown(
[1;32m    105[0m     options[38;5;241m=[39m[[38;5;124m"[39m[38;5;124mPPG[39m[38;5;124m"[39m, [38;5;124m"[39m[38;5;124mECG[39m[38;5;124m"[39m, [38;5;124m"[39m[38;5;124mRESP[39m[38;5;124m"[39m],
[1;32m    106[0m     value[38;5;241m=[39msignal_type,
[1;32m    107[0m     description[38;5;241m=[39m[38;5;124m"[39m[38;5;124mSignal:[39m[38;5;124m"[39m,
[1;32m    108[0m     layout[38;5;241m=[39mwidgets[38;5;241m.[39mLayout(width[38;5;241m=[39m[38;5;124m"[39m[38;5;124m250px[39m[38;5;124m"[39m),
[1;32m    109[0m )
[0;32m--> 110[0m [38;5;28mself[39m[38;5;241m.[39msave_button_ [38;5;241m=[39m [43mwidgets[49m[38;5;241;43m.[39;49m[43mButtondd[49m(
[1;32m    111[0m     description[38;5;241m=[39m[38;5;124m"[39m[38;5;124mSave modifications[39m[38;5;124m"[39m,
[1;32m    112[0m     disabled[38;5;241m=[39m[38;5;28;01mFalse[39;00m,
[1;32m    113[0m     button_style[38;5;241m=[39m[38;5;124m"[39m[38;5;124m"[39m,
[1;32m    114[0m     tooltip[38;5;241m=[39m[38;5;124m"[39m[38;5;124mDescription[39m[38;5;124m"[39m,
[1;32m    115[0m     icon[38;5;241m=[39m[38;5;124m"[39m[38;5;124msave[39m[38;5;124m"[39m,
[1;32m    116[0m     layout[38;5;241m=[39mwidgets[38;5;241m.[39mLayout(width[38;5;241m=[39m[38;5;124m"[39m[38;5;124m250px[39m[38;5;124m"[39m),
[1;32m    117[0m )
[1;32m    118[0m [38;5;28mself[39m[38;5;241m.[39moutput_folder_ [38;5;241m=[39m widgets[38;5;241m.[39mTextarea(
[1;32m    119[0m     value[38;5;241m=[39moutput_folder,
[1;32m    120[0m     placeholder[38;5;241m=[39m[38;5;124m"[39m[38;5;124mType something[39m[38;5;124m"[39m,
[0;32m   (...)[0m
[1;32m    123[0m     layout[38;5;241m=[39mwidgets[38;5;241m.[39mLayout(width[38;5;241m=[39m[38;5;124m"[39m[38;5;124m250px[39m[38;5;124m"[39m),
[1;32m    124[0m )
[1;32m    125[0m [38;5;28mself[39m[38;5;241m.[39medition_ [38;5;241m=[39m widgets[38;5;241m.[39mToggleButtons(
[1;32m    126[0m     options[38;5;241m=[39m[[38;5;124m"[39m[38;5;124mCorrection[39m[38;5;124m"[39m, [38;5;124m"[39m[38;5;124mRejection[39m[38;5;124m"[39m], diabled[38;5;241m=[39m[38;5;28;01mFalse[39;00m
[1;32m    127[0m )

[0;31mAttributeError[0m: module 'ipywidgets' has no attribute 'Buttondd'
AttributeError: module 'ipywidgets' has no attribute 'Buttondd'

